{"D:\\An\\Frontend\\DevEducation\\testRepo\\Practice\\Practice_1\\strVsNum.js": {"path":"D:\\An\\Frontend\\DevEducation\\testRepo\\Practice\\Practice_1\\strVsNum.js","statementMap":{"0":{"start":{"line":2,"column":20},"end":{"line":2,"column":21}},"1":{"start":{"line":4,"column":4},"end":{"line":9,"column":5}},"2":{"start":{"line":5,"column":8},"end":{"line":5,"column":23}},"3":{"start":{"line":6,"column":8},"end":{"line":6,"column":31}},"4":{"start":{"line":8,"column":8},"end":{"line":8,"column":28}},"5":{"start":{"line":11,"column":4},"end":{"line":11,"column":21}},"6":{"start":{"line":14,"column":0},"end":{"line":14,"column":26}}},"fnMap":{"0":{"name":"strVsNum","decl":{"start":{"line":1,"column":9},"end":{"line":1,"column":17}},"loc":{"start":{"line":1,"column":28},"end":{"line":12,"column":1}},"line":1}},"branchMap":{"0":{"loc":{"start":{"line":4,"column":4},"end":{"line":9,"column":5}},"type":"if","locations":[{"start":{"line":4,"column":4},"end":{"line":9,"column":5}},{"start":{"line":7,"column":11},"end":{"line":9,"column":5}}],"line":4},"1":{"loc":{"start":{"line":4,"column":8},"end":{"line":4,"column":56}},"type":"binary-expr","locations":[{"start":{"line":4,"column":8},"end":{"line":4,"column":21}},{"start":{"line":4,"column":25},"end":{"line":4,"column":38}},{"start":{"line":4,"column":42},"end":{"line":4,"column":56}}],"line":4}},"s":{"0":4,"1":4,"2":1,"3":1,"4":3,"5":4,"6":1},"f":{"0":4},"b":{"0":[1,3],"1":[4,1,1]},"_coverageSchema":"1a1c01bbd47fc00a2c39e90264f33305004495a9","hash":"6a03346351a71d45053df8e7dcd6023895156a9b"}
}
